# JRE version: OpenJDK Runtime Environment (11.0.10) (build 11.0.10+0-b96-7249189)
# Java VM: OpenJDK 64-Bit Server VM (11.0.10+0-b96-7249189, mixed mode, tiered, compressed oops, g1 gc, windows-amd64)
Heap:
 garbage-first heap   total 262144K, used 161384K [0x0000000080000000, 0x0000000100000000)
  region size 1024K, 99 young (101376K), 18 survivors (18432K)
 Metaspace       used 101071K, capacity 103978K, committed 104192K, reserved 1138688K
  class space    used 13180K, capacity 14321K, committed 14412K, reserved 1048576K
GC Heap History (20 events):
Event: 0.540 GC heap before
{Heap before GC invocations=0 (full 0):
 garbage-first heap   total 262144K, used 29696K [0x0000000080000000, 0x0000000100000000)
  region size 1024K, 24 young (24576K), 0 survivors (0K)
 Metaspace       used 10187K, capacity 10405K, committed 10624K, reserved 1058816K
  class space    used 1063K, capacity 1107K, committed 1152K, reserved 1048576K
}
Event: 0.543 GC heap after
{Heap after GC invocations=1 (full 0):
 garbage-first heap   total 262144K, used 9266K [0x0000000080000000, 0x0000000100000000)
  region size 1024K, 3 young (3072K), 3 survivors (3072K)
 Metaspace       used 10187K, capacity 10405K, committed 10624K, reserved 1058816K
  class space    used 1063K, capacity 1107K, committed 1152K, reserved 1048576K
}
Event: 1.704 GC heap before
{Heap before GC invocations=1 (full 0):
 garbage-first heap   total 262144K, used 106546K [0x0000000080000000, 0x0000000100000000)
  region size 1024K, 98 young (100352K), 3 survivors (3072K)
 Metaspace       used 20547K, capacity 21104K, committed 21248K, reserved 1067008K
  class space    used 2503K, capacity 2690K, committed 2816K, reserved 1048576K
}
Event: 1.711 GC heap after
{Heap after GC invocations=2 (full 0):
 garbage-first heap   total 262144K, used 16621K [0x0000000080000000, 0x0000000100000000)
  region size 1024K, 11 young (11264K), 11 survivors (11264K)
 Metaspace       used 20547K, capacity 21104K, committed 21248K, reserved 1067008K
  class space    used 2503K, capacity 2690K, committed 2816K, reserved 1048576K
}
Event: 1.885 GC heap before
{Heap before GC invocations=3 (full 0):
 garbage-first heap   total 262144K, used 44269K [0x0000000080000000, 0x0000000100000000)
  region size 1024K, 38 young (38912K), 11 survivors (11264K)
 Metaspace       used 23373K, capacity 24030K, committed 24192K, reserved 1071104K
  class space    used 2968K, capacity 3158K, committed 3200K, reserved 1048576K
}
Event: 1.890 GC heap after
{Heap after GC invocations=4 (full 0):
 garbage-first heap   total 262144K, used 17710K [0x0000000080000000, 0x0000000100000000)
  region size 1024K, 2 young (2048K), 2 survivors (2048K)
 Metaspace       used 23373K, capacity 24030K, committed 24192K, reserved 1071104K
  class space    used 2968K, capacity 3158K, committed 3200K, reserved 1048576K
}
Event: 2.578 GC heap before
{Heap before GC invocations=4 (full 0):
 garbage-first heap   total 262144K, used 101678K [0x0000000080000000, 0x0000000100000000)
  region size 1024K, 86 young (88064K), 2 survivors (2048K)
 Metaspace       used 35015K, capacity 35838K, committed 35840K, reserved 1081344K
  class space    used 4538K, capacity 4864K, committed 4864K, reserved 1048576K
}
Event: 2.584 GC heap after
{Heap after GC invocations=5 (full 0):
 garbage-first heap   total 262144K, used 21923K [0x0000000080000000, 0x0000000100000000)
  region size 1024K, 6 young (6144K), 6 survivors (6144K)
 Metaspace       used 35015K, capacity 35838K, committed 35840K, reserved 1081344K
  class space    used 4538K, capacity 4864K, committed 4864K, reserved 1048576K
}
Event: 3.579 GC heap before
{Heap before GC invocations=6 (full 0):
 garbage-first heap   total 262144K, used 152995K [0x0000000080000000, 0x0000000100000000)
  region size 1024K, 131 young (134144K), 6 survivors (6144K)
 Metaspace       used 45382K, capacity 46489K, committed 46796K, reserved 1089536K
  class space    used 5827K, capacity 6229K, committed 6348K, reserved 1048576K
}
Event: 3.586 GC heap after
{Heap after GC invocations=7 (full 0):
 garbage-first heap   total 262144K, used 29170K [0x0000000080000000, 0x0000000100000000)
  region size 1024K, 13 young (13312K), 13 survivors (13312K)
 Metaspace       used 45382K, capacity 46489K, committed 46796K, reserved 1089536K
  class space    used 5827K, capacity 6229K, committed 6348K, reserved 1048576K
}
Event: 4.821 GC heap before
{Heap before GC invocations=7 (full 0):
 garbage-first heap   total 262144K, used 159218K [0x0000000080000000, 0x0000000100000000)
  region size 1024K, 138 young (141312K), 13 survivors (13312K)
 Metaspace       used 58598K, capacity 60051K, committed 60288K, reserved 1101824K
  class space    used 7445K, capacity 8001K, committed 8140K, reserved 1048576K
}
Event: 4.850 GC heap after
{Heap after GC invocations=8 (full 0):
 garbage-first heap   total 262144K, used 45101K [0x0000000080000000, 0x0000000100000000)
  region size 1024K, 19 young (19456K), 19 survivors (19456K)
 Metaspace       used 58598K, capacity 60051K, committed 60288K, reserved 1101824K
  class space    used 7445K, capacity 8001K, committed 8140K, reserved 1048576K
}
Event: 5.704 GC heap before
{Heap before GC invocations=9 (full 0):
 garbage-first heap   total 262144K, used 182317K [0x0000000080000000, 0x0000000100000000)
  region size 1024K, 153 young (156672K), 19 survivors (19456K)
 Metaspace       used 69829K, capacity 71457K, committed 71808K, reserved 1112064K
  class space    used 8955K, capacity 9547K, committed 9676K, reserved 1048576K
}
Event: 5.713 GC heap after
{Heap after GC invocations=10 (full 0):
 garbage-first heap   total 262144K, used 53757K [0x0000000080000000, 0x0000000100000000)
  region size 1024K, 10 young (10240K), 10 survivors (10240K)
 Metaspace       used 69829K, capacity 71457K, committed 71808K, reserved 1112064K
  class space    used 8955K, capacity 9547K, committed 9676K, reserved 1048576K
}
Event: 6.891 GC heap before
{Heap before GC invocations=10 (full 0):
 garbage-first heap   total 262144K, used 191997K [0x0000000080000000, 0x0000000100000000)
  region size 1024K, 145 young (148480K), 10 survivors (10240K)
 Metaspace       used 82338K, capacity 84143K, committed 84352K, reserved 1122304K
  class space    used 10690K, capacity 11351K, committed 11468K, reserved 1048576K
}
Event: 6.900 GC heap after
{Heap after GC invocations=11 (full 0):
 garbage-first heap   total 262144K, used 60572K [0x0000000080000000, 0x0000000100000000)
  region size 1024K, 17 young (17408K), 17 survivors (17408K)
 Metaspace       used 82338K, capacity 84143K, committed 84352K, reserved 1122304K
  class space    used 10690K, capacity 11351K, committed 11468K, reserved 1048576K
}
Event: 7.688 GC heap before
{Heap before GC invocations=11 (full 0):
 garbage-first heap   total 262144K, used 198812K [0x0000000080000000, 0x0000000100000000)
  region size 1024K, 153 young (156672K), 17 survivors (17408K)
 Metaspace       used 86834K, capacity 89275K, committed 89344K, reserved 1126400K
  class space    used 11396K, capacity 12322K, committed 12364K, reserved 1048576K
}
Event: 7.699 GC heap after
{Heap after GC invocations=12 (full 0):
 garbage-first heap   total 262144K, used 70297K [0x0000000080000000, 0x0000000100000000)
  region size 1024K, 17 young (17408K), 17 survivors (17408K)
 Metaspace       used 86834K, capacity 89275K, committed 89344K, reserved 1126400K
  class space    used 11396K, capacity 12322K, committed 12364K, reserved 1048576K
}
Event: 8.981 GC heap before
{Heap before GC invocations=12 (full 0):
 garbage-first heap   total 262144K, used 203417K [0x0000000080000000, 0x0000000100000000)
  region size 1024K, 147 young (150528K), 17 survivors (17408K)
 Metaspace       used 97987K, capacity 100777K, committed 100864K, reserved 1136640K
  class space    used 12745K, capacity 13820K, committed 13900K, reserved 1048576K
}
Event: 8.997 GC heap after
{Heap after GC invocations=13 (full 0):
 garbage-first heap   total 262144K, used 80488K [0x0000000080000000, 0x0000000100000000)
  region size 1024K, 18 young (18432K), 18 survivors (18432K)
 Metaspace       used 97987K, capacity 100777K, committed 100864K, reserved 1136640K
  class space    used 12745K, capacity 13820K, committed 13900K, reserved 1048576K
}

