# JRE version: OpenJDK Runtime Environment (11.0.10) (build 11.0.10+0-b96-7249189)
# Java VM: OpenJDK 64-Bit Server VM (11.0.10+0-b96-7249189, mixed mode, tiered, compressed oops, g1 gc, windows-amd64)
Heap:
 garbage-first heap   total 262144K, used 121002K [0x0000000080000000, 0x0000000100000000)
  region size 1024K, 77 young (78848K), 10 survivors (10240K)
 Metaspace       used 73844K, capacity 75408K, committed 75724K, reserved 1114112K
  class space    used 9549K, capacity 10113K, committed 10188K, reserved 1048576K
GC Heap History (16 events):
Event: 0.538 GC heap before
{Heap before GC invocations=0 (full 0):
 garbage-first heap   total 262144K, used 29696K [0x0000000080000000, 0x0000000100000000)
  region size 1024K, 24 young (24576K), 0 survivors (0K)
 Metaspace       used 10155K, capacity 10403K, committed 10624K, reserved 1058816K
  class space    used 1060K, capacity 1106K, committed 1152K, reserved 1048576K
}
Event: 0.541 GC heap after
{Heap after GC invocations=1 (full 0):
 garbage-first heap   total 262144K, used 9266K [0x0000000080000000, 0x0000000100000000)
  region size 1024K, 3 young (3072K), 3 survivors (3072K)
 Metaspace       used 10155K, capacity 10403K, committed 10624K, reserved 1058816K
  class space    used 1060K, capacity 1106K, committed 1152K, reserved 1048576K
}
Event: 1.688 GC heap before
{Heap before GC invocations=1 (full 0):
 garbage-first heap   total 262144K, used 105522K [0x0000000080000000, 0x0000000100000000)
  region size 1024K, 98 young (100352K), 3 survivors (3072K)
 Metaspace       used 20549K, capacity 21104K, committed 21248K, reserved 1067008K
  class space    used 2506K, capacity 2690K, committed 2816K, reserved 1048576K
}
Event: 1.695 GC heap after
{Heap after GC invocations=2 (full 0):
 garbage-first heap   total 262144K, used 16541K [0x0000000080000000, 0x0000000100000000)
  region size 1024K, 11 young (11264K), 11 survivors (11264K)
 Metaspace       used 20549K, capacity 21104K, committed 21248K, reserved 1067008K
  class space    used 2506K, capacity 2690K, committed 2816K, reserved 1048576K
}
Event: 1.939 GC heap before
{Heap before GC invocations=3 (full 0):
 garbage-first heap   total 262144K, used 55453K [0x0000000080000000, 0x0000000100000000)
  region size 1024K, 50 young (51200K), 11 survivors (11264K)
 Metaspace       used 24502K, capacity 25126K, committed 25472K, reserved 1071104K
  class space    used 3154K, capacity 3353K, committed 3456K, reserved 1048576K
}
Event: 1.944 GC heap after
{Heap after GC invocations=4 (full 0):
 garbage-first heap   total 262144K, used 18220K [0x0000000080000000, 0x0000000100000000)
  region size 1024K, 2 young (2048K), 2 survivors (2048K)
 Metaspace       used 24502K, capacity 25126K, committed 25472K, reserved 1071104K
  class space    used 3154K, capacity 3353K, committed 3456K, reserved 1048576K
}
Event: 2.583 GC heap before
{Heap before GC invocations=4 (full 0):
 garbage-first heap   total 262144K, used 90924K [0x0000000080000000, 0x0000000100000000)
  region size 1024K, 74 young (75776K), 2 survivors (2048K)
 Metaspace       used 35051K, capacity 35838K, committed 35840K, reserved 1081344K
  class space    used 4544K, capacity 4864K, committed 4864K, reserved 1048576K
}
Event: 2.589 GC heap after
{Heap after GC invocations=5 (full 0):
 garbage-first heap   total 262144K, used 21978K [0x0000000080000000, 0x0000000100000000)
  region size 1024K, 6 young (6144K), 6 survivors (6144K)
 Metaspace       used 35051K, capacity 35838K, committed 35840K, reserved 1081344K
  class space    used 4544K, capacity 4864K, committed 4864K, reserved 1048576K
}
Event: 3.430 GC heap before
{Heap before GC invocations=6 (full 0):
 garbage-first heap   total 262144K, used 137690K [0x0000000080000000, 0x0000000100000000)
  region size 1024K, 116 young (118784K), 6 survivors (6144K)
 Metaspace       used 44043K, capacity 45072K, committed 45260K, reserved 1089536K
  class space    used 5650K, capacity 6035K, committed 6092K, reserved 1048576K
}
Event: 3.436 GC heap after
{Heap after GC invocations=7 (full 0):
 garbage-first heap   total 262144K, used 28535K [0x0000000080000000, 0x0000000100000000)
  region size 1024K, 12 young (12288K), 12 survivors (12288K)
 Metaspace       used 44043K, capacity 45072K, committed 45260K, reserved 1089536K
  class space    used 5650K, capacity 6035K, committed 6092K, reserved 1048576K
}
Event: 4.601 GC heap before
{Heap before GC invocations=7 (full 0):
 garbage-first heap   total 262144K, used 169847K [0x0000000080000000, 0x0000000100000000)
  region size 1024K, 147 young (150528K), 12 survivors (12288K)
 Metaspace       used 57664K, capacity 59180K, committed 59468K, reserved 1101824K
  class space    used 7343K, capacity 7903K, committed 8012K, reserved 1048576K
}
Event: 4.611 GC heap after
{Heap after GC invocations=8 (full 0):
 garbage-first heap   total 262144K, used 44030K [0x0000000080000000, 0x0000000100000000)
  region size 1024K, 18 young (18432K), 18 survivors (18432K)
 Metaspace       used 57664K, capacity 59180K, committed 59468K, reserved 1101824K
  class space    used 7343K, capacity 7903K, committed 8012K, reserved 1048576K
}
Event: 4.656 GC heap before
{Heap before GC invocations=8 (full 0):
 garbage-first heap   total 262144K, used 49150K [0x0000000080000000, 0x0000000100000000)
  region size 1024K, 24 young (24576K), 18 survivors (18432K)
 Metaspace       used 58410K, capacity 59996K, committed 60236K, reserved 1101824K
  class space    used 7428K, capacity 7983K, committed 8012K, reserved 1048576K
}
Event: 4.669 GC heap after
{Heap after GC invocations=9 (full 0):
 garbage-first heap   total 262144K, used 46970K [0x0000000080000000, 0x0000000100000000)
  region size 1024K, 3 young (3072K), 3 survivors (3072K)
 Metaspace       used 58410K, capacity 59996K, committed 60236K, reserved 1101824K
  class space    used 7428K, capacity 7983K, committed 8012K, reserved 1048576K
}
Event: 5.687 GC heap before
{Heap before GC invocations=10 (full 0):
 garbage-first heap   total 262144K, used 164730K [0x0000000080000000, 0x0000000100000000)
  region size 1024K, 118 young (120832K), 3 survivors (3072K)
 Metaspace       used 68561K, capacity 70218K, committed 70348K, reserved 1110016K
  class space    used 8791K, capacity 9369K, committed 9420K, reserved 1048576K
}
Event: 5.692 GC heap after
{Heap after GC invocations=11 (full 0):
 garbage-first heap   total 262144K, used 53418K [0x0000000080000000, 0x0000000100000000)
  region size 1024K, 10 young (10240K), 10 survivors (10240K)
 Metaspace       used 68561K, capacity 70218K, committed 70348K, reserved 1110016K
  class space    used 8791K, capacity 9369K, committed 9420K, reserved 1048576K
}

