# JRE version: OpenJDK Runtime Environment (11.0.10) (build 11.0.10+0-b96-7249189)
# Java VM: OpenJDK 64-Bit Server VM (11.0.10+0-b96-7249189, mixed mode, tiered, compressed oops, g1 gc, windows-amd64)
Heap:
 garbage-first heap   total 262144K, used 170093K [0x0000000080000000, 0x0000000100000000)
  region size 1024K, 42 young (43008K), 3 survivors (3072K)
 Metaspace       used 143138K, capacity 148075K, committed 148992K, reserved 1177600K
  class space    used 17597K, capacity 19236K, committed 19968K, reserved 1048576K
GC Heap History (20 events):
Event: 4007.524 GC heap before
{Heap before GC invocations=64 (full 0):
 garbage-first heap   total 262144K, used 205239K [0x0000000080000000, 0x0000000100000000)
  region size 1024K, 85 young (87040K), 2 survivors (2048K)
 Metaspace       used 143103K, capacity 148073K, committed 148992K, reserved 1177600K
  class space    used 17679K, capacity 19296K, committed 19968K, reserved 1048576K
}
Event: 4007.534 GC heap after
{Heap after GC invocations=65 (full 0):
 garbage-first heap   total 262144K, used 126317K [0x0000000080000000, 0x0000000100000000)
  region size 1024K, 8 young (8192K), 8 survivors (8192K)
 Metaspace       used 143103K, capacity 148073K, committed 148992K, reserved 1177600K
  class space    used 17679K, capacity 19296K, committed 19968K, reserved 1048576K
}
Event: 4008.273 GC heap before
{Heap before GC invocations=66 (full 0):
 garbage-first heap   total 262144K, used 209261K [0x0000000080000000, 0x0000000100000000)
  region size 1024K, 88 young (90112K), 8 survivors (8192K)
 Metaspace       used 142477K, capacity 147384K, committed 148992K, reserved 1177600K
  class space    used 17561K, capacity 19169K, committed 19968K, reserved 1048576K
}
Event: 4008.280 GC heap after
{Heap after GC invocations=67 (full 0):
 garbage-first heap   total 262144K, used 133313K [0x0000000080000000, 0x0000000100000000)
  region size 1024K, 6 young (6144K), 6 survivors (6144K)
 Metaspace       used 142477K, capacity 147384K, committed 148992K, reserved 1177600K
  class space    used 17561K, capacity 19169K, committed 19968K, reserved 1048576K
}
Event: 4008.292 GC heap before
{Heap before GC invocations=67 (full 0):
 garbage-first heap   total 262144K, used 139457K [0x0000000080000000, 0x0000000100000000)
  region size 1024K, 12 young (12288K), 6 survivors (6144K)
 Metaspace       used 142490K, capacity 147384K, committed 148992K, reserved 1177600K
  class space    used 17561K, capacity 19169K, committed 19968K, reserved 1048576K
}
Event: 4008.302 GC heap after
{Heap after GC invocations=68 (full 0):
 garbage-first heap   total 262144K, used 126952K [0x0000000080000000, 0x0000000100000000)
  region size 1024K, 1 young (1024K), 1 survivors (1024K)
 Metaspace       used 142490K, capacity 147384K, committed 148992K, reserved 1177600K
  class space    used 17561K, capacity 19169K, committed 19968K, reserved 1048576K
}
Event: 4008.532 GC heap before
{Heap before GC invocations=68 (full 0):
 garbage-first heap   total 262144K, used 194536K [0x0000000080000000, 0x0000000100000000)
  region size 1024K, 69 young (70656K), 1 survivors (1024K)
 Metaspace       used 142585K, capacity 147456K, committed 148992K, reserved 1177600K
  class space    used 17561K, capacity 19169K, committed 19968K, reserved 1048576K
}
Event: 4008.536 GC heap after
{Heap after GC invocations=69 (full 0):
 garbage-first heap   total 262144K, used 126822K [0x0000000080000000, 0x0000000100000000)
  region size 1024K, 1 young (1024K), 1 survivors (1024K)
 Metaspace       used 142585K, capacity 147456K, committed 148992K, reserved 1177600K
  class space    used 17561K, capacity 19169K, committed 19968K, reserved 1048576K
}
Event: 4680.461 GC heap before
{Heap before GC invocations=70 (full 0):
 garbage-first heap   total 262144K, used 225126K [0x0000000080000000, 0x0000000100000000)
  region size 1024K, 86 young (88064K), 1 survivors (1024K)
 Metaspace       used 142441K, capacity 147225K, committed 148992K, reserved 1177600K
  class space    used 17539K, capacity 19131K, committed 19968K, reserved 1048576K
}
Event: 4680.467 GC heap after
{Heap after GC invocations=71 (full 0):
 garbage-first heap   total 262144K, used 137750K [0x0000000080000000, 0x0000000100000000)
  region size 1024K, 10 young (10240K), 10 survivors (10240K)
 Metaspace       used 142441K, capacity 147225K, committed 148992K, reserved 1177600K
  class space    used 17539K, capacity 19131K, committed 19968K, reserved 1048576K
}
Event: 4680.523 GC heap before
{Heap before GC invocations=71 (full 0):
 garbage-first heap   total 262144K, used 139798K [0x0000000080000000, 0x0000000100000000)
  region size 1024K, 12 young (12288K), 10 survivors (10240K)
 Metaspace       used 142442K, capacity 147225K, committed 148992K, reserved 1177600K
  class space    used 17539K, capacity 19131K, committed 19968K, reserved 1048576K
}
Event: 4680.532 GC heap after
{Heap after GC invocations=72 (full 0):
 garbage-first heap   total 262144K, used 134712K [0x0000000080000000, 0x0000000100000000)
  region size 1024K, 2 young (2048K), 2 survivors (2048K)
 Metaspace       used 142442K, capacity 147225K, committed 148992K, reserved 1177600K
  class space    used 17539K, capacity 19131K, committed 19968K, reserved 1048576K
}
Event: 4681.036 GC heap before
{Heap before GC invocations=72 (full 0):
 garbage-first heap   total 262144K, used 212536K [0x0000000080000000, 0x0000000100000000)
  region size 1024K, 79 young (80896K), 2 survivors (2048K)
 Metaspace       used 142816K, capacity 147653K, committed 148992K, reserved 1177600K
  class space    used 17562K, capacity 19169K, committed 19968K, reserved 1048576K
}
Event: 4681.045 GC heap after
{Heap after GC invocations=73 (full 0):
 garbage-first heap   total 262144K, used 140844K [0x0000000080000000, 0x0000000100000000)
  region size 1024K, 8 young (8192K), 8 survivors (8192K)
 Metaspace       used 142816K, capacity 147653K, committed 148992K, reserved 1177600K
  class space    used 17562K, capacity 19169K, committed 19968K, reserved 1048576K
}
Event: 4681.329 GC heap before
{Heap before GC invocations=74 (full 0):
 garbage-first heap   total 262144K, used 222764K [0x0000000080000000, 0x0000000100000000)
  region size 1024K, 79 young (80896K), 8 survivors (8192K)
 Metaspace       used 142932K, capacity 147793K, committed 148992K, reserved 1177600K
  class space    used 17562K, capacity 19170K, committed 19968K, reserved 1048576K
}
Event: 4681.332 GC heap after
{Heap after GC invocations=75 (full 0):
 garbage-first heap   total 262144K, used 139313K [0x0000000080000000, 0x0000000100000000)
  region size 1024K, 2 young (2048K), 2 survivors (2048K)
 Metaspace       used 142932K, capacity 147793K, committed 148992K, reserved 1177600K
  class space    used 17562K, capacity 19170K, committed 19968K, reserved 1048576K
}
Event: 4871.932 GC heap before
{Heap before GC invocations=75 (full 0):
 garbage-first heap   total 262144K, used 149553K [0x0000000080000000, 0x0000000100000000)
  region size 1024K, 12 young (12288K), 2 survivors (2048K)
 Metaspace       used 142945K, capacity 147793K, committed 148992K, reserved 1177600K
  class space    used 17562K, capacity 19170K, committed 19968K, reserved 1048576K
}
Event: 4871.941 GC heap after
{Heap after GC invocations=76 (full 0):
 garbage-first heap   total 262144K, used 130004K [0x0000000080000000, 0x0000000100000000)
  region size 1024K, 2 young (2048K), 2 survivors (2048K)
 Metaspace       used 142945K, capacity 147793K, committed 148992K, reserved 1177600K
  class space    used 17562K, capacity 19170K, committed 19968K, reserved 1048576K
}
Event: 4921.713 GC heap before
{Heap before GC invocations=76 (full 0):
 garbage-first heap   total 262144K, used 213972K [0x0000000080000000, 0x0000000100000000)
  region size 1024K, 85 young (87040K), 2 survivors (2048K)
 Metaspace       used 143042K, capacity 147867K, committed 148992K, reserved 1177600K
  class space    used 17563K, capacity 19171K, committed 19968K, reserved 1048576K
}
Event: 4921.722 GC heap after
{Heap after GC invocations=77 (full 0):
 garbage-first heap   total 262144K, used 131181K [0x0000000080000000, 0x0000000100000000)
  region size 1024K, 3 young (3072K), 3 survivors (3072K)
 Metaspace       used 143042K, capacity 147867K, committed 148992K, reserved 1177600K
  class space    used 17563K, capacity 19171K, committed 19968K, reserved 1048576K
}

